[error] Failed to fetch Firebase Project from Studio Workspace because WORKSPACE_SLUG environment variable is empty
[error] Failed to fetch Firebase Project from Studio Workspace because WORKSPACE_SLUG environment variable is empty
[error] Failed to fetch Firebase Project from Studio Workspace because WORKSPACE_SLUG environment variable is empty
[error] Failed to fetch Firebase Project from Studio Workspace because WORKSPACE_SLUG environment variable is empty
[error] Failed to fetch Firebase Project from Studio Workspace because WORKSPACE_SLUG environment variable is empty
[error] Failed to fetch Firebase Project from Studio Workspace because WORKSPACE_SLUG environment variable is empty
[debug] [2025-09-13T13:15:30.388Z] > command requires scopes: ["email","openid","https://www.googleapis.com/auth/cloudplatformprojects.readonly","https://www.googleapis.com/auth/firebase","https://www.googleapis.com/auth/cloud-platform","https://www.googleapis.com/auth/userinfo.email"]
[error] Failed to fetch Firebase Project from Studio Workspace because WORKSPACE_SLUG environment variable is empty
[error] Failed to fetch Firebase Project from Studio Workspace because WORKSPACE_SLUG environment variable is empty
[error] Failed to fetch Firebase Project from Studio Workspace because WORKSPACE_SLUG environment variable is empty
[error] Failed to fetch Firebase Project from Studio Workspace because WORKSPACE_SLUG environment variable is empty
[debug] [2025-09-13T13:15:30.459Z] > command requires scopes: ["email","openid","https://www.googleapis.com/auth/cloudplatformprojects.readonly","https://www.googleapis.com/auth/firebase","https://www.googleapis.com/auth/cloud-platform","https://www.googleapis.com/auth/userinfo.email"]
[error] Failed to fetch Firebase Project from Studio Workspace because WORKSPACE_SLUG environment variable is empty
[error] Failed to fetch Firebase Project from Studio Workspace because WORKSPACE_SLUG environment variable is empty
[error] Failed to fetch Firebase Project from Studio Workspace because WORKSPACE_SLUG environment variable is empty
[error] Failed to fetch Firebase Project from Studio Workspace because WORKSPACE_SLUG environment variable is empty
[error] Failed to fetch Firebase Project from Studio Workspace because WORKSPACE_SLUG environment variable is empty
[error] Failed to fetch Firebase Project from Studio Workspace because WORKSPACE_SLUG environment variable is empty
[debug] [2025-09-13T13:23:28.994Z] > command requires scopes: ["email","openid","https://www.googleapis.com/auth/cloudplatformprojects.readonly","https://www.googleapis.com/auth/firebase","https://www.googleapis.com/auth/cloud-platform","https://www.googleapis.com/auth/userinfo.email"]
[error] Failed to fetch Firebase Project from Studio Workspace because WORKSPACE_SLUG environment variable is empty
[error] Failed to fetch Firebase Project from Studio Workspace because WORKSPACE_SLUG environment variable is empty
[error] Failed to fetch Firebase Project from Studio Workspace because WORKSPACE_SLUG environment variable is empty
[error] Failed to fetch Firebase Project from Studio Workspace because WORKSPACE_SLUG environment variable is empty
[debug] [2025-09-13T13:23:29.045Z] > command requires scopes: ["email","openid","https://www.googleapis.com/auth/cloudplatformprojects.readonly","https://www.googleapis.com/auth/firebase","https://www.googleapis.com/auth/cloud-platform","https://www.googleapis.com/auth/userinfo.email"]
[error] Failed to fetch Firebase Project from Studio Workspace because WORKSPACE_SLUG environment variable is empty
[error] Failed to fetch Firebase Project from Studio Workspace because WORKSPACE_SLUG environment variable is empty
[error] Failed to fetch Firebase Project from Studio Workspace because WORKSPACE_SLUG environment variable is empty
[error] Failed to fetch Firebase Project from Studio Workspace because WORKSPACE_SLUG environment variable is empty
[error] Failed to fetch Firebase Project from Studio Workspace because WORKSPACE_SLUG environment variable is empty
[error] Failed to fetch Firebase Project from Studio Workspace because WORKSPACE_SLUG environment variable is empty
[debug] [2025-09-13T13:29:21.318Z] > command requires scopes: ["email","openid","https://www.googleapis.com/auth/cloudplatformprojects.readonly","https://www.googleapis.com/auth/firebase","https://www.googleapis.com/auth/cloud-platform","https://www.googleapis.com/auth/userinfo.email"]
[error] Failed to fetch Firebase Project from Studio Workspace because WORKSPACE_SLUG environment variable is empty
[error] Failed to fetch Firebase Project from Studio Workspace because WORKSPACE_SLUG environment variable is empty
[error] Failed to fetch Firebase Project from Studio Workspace because WORKSPACE_SLUG environment variable is empty
[error] Failed to fetch Firebase Project from Studio Workspace because WORKSPACE_SLUG environment variable is empty
[debug] [2025-09-13T13:29:21.373Z] > command requires scopes: ["email","openid","https://www.googleapis.com/auth/cloudplatformprojects.readonly","https://www.googleapis.com/auth/firebase","https://www.googleapis.com/auth/cloud-platform","https://www.googleapis.com/auth/userinfo.email"]
[error] Failed to fetch Firebase Project from Studio Workspace because WORKSPACE_SLUG environment variable is empty
[error] Failed to fetch Firebase Project from Studio Workspace because WORKSPACE_SLUG environment variable is empty
[error] Failed to fetch Firebase Project from Studio Workspace because WORKSPACE_SLUG environment variable is empty
[error] Failed to fetch Firebase Project from Studio Workspace because WORKSPACE_SLUG environment variable is empty
[debug] [2025-09-13T13:29:31.090Z] > command requires scopes: ["email","openid","https://www.googleapis.com/auth/cloudplatformprojects.readonly","https://www.googleapis.com/auth/firebase","https://www.googleapis.com/auth/cloud-platform","https://www.googleapis.com/auth/userinfo.email"]
[error] Failed to fetch Firebase Project from Studio Workspace because WORKSPACE_SLUG environment variable is empty
[error] Failed to fetch Firebase Project from Studio Workspace because WORKSPACE_SLUG environment variable is empty
[error] Failed to fetch Firebase Project from Studio Workspace because WORKSPACE_SLUG environment variable is empty
[error] Failed to fetch Firebase Project from Studio Workspace because WORKSPACE_SLUG environment variable is empty
[error] Failed to fetch Firebase Project from Studio Workspace because WORKSPACE_SLUG environment variable is empty
[error] Failed to fetch Firebase Project from Studio Workspace because WORKSPACE_SLUG environment variable is empty
[debug] [2025-09-13T13:59:03.415Z] > command requires scopes: ["email","openid","https://www.googleapis.com/auth/cloudplatformprojects.readonly","https://www.googleapis.com/auth/firebase","https://www.googleapis.com/auth/cloud-platform","https://www.googleapis.com/auth/userinfo.email"]
[error] Failed to fetch Firebase Project from Studio Workspace because WORKSPACE_SLUG environment variable is empty
[error] Failed to fetch Firebase Project from Studio Workspace because WORKSPACE_SLUG environment variable is empty
[error] Failed to fetch Firebase Project from Studio Workspace because WORKSPACE_SLUG environment variable is empty
[error] Failed to fetch Firebase Project from Studio Workspace because WORKSPACE_SLUG environment variable is empty
[debug] [2025-09-13T13:59:03.495Z] > command requires scopes: ["email","openid","https://www.googleapis.com/auth/cloudplatformprojects.readonly","https://www.googleapis.com/auth/firebase","https://www.googleapis.com/auth/cloud-platform","https://www.googleapis.com/auth/userinfo.email"]
[error] Failed to fetch Firebase Project from Studio Workspace because WORKSPACE_SLUG environment variable is empty
[error] Failed to fetch Firebase Project from Studio Workspace because WORKSPACE_SLUG environment variable is empty
[debug] [2025-09-13T14:33:48.651Z] > command requires scopes: ["email","openid","https://www.googleapis.com/auth/cloudplatformprojects.readonly","https://www.googleapis.com/auth/firebase","https://www.googleapis.com/auth/cloud-platform","https://www.googleapis.com/auth/userinfo.email"]
[error] Failed to fetch Firebase Project from Studio Workspace because WORKSPACE_SLUG environment variable is empty
[error] Failed to fetch Firebase Project from Studio Workspace because WORKSPACE_SLUG environment variable is empty
[debug] [2025-09-13T14:34:02.005Z] > command requires scopes: ["email","openid","https://www.googleapis.com/auth/cloudplatformprojects.readonly","https://www.googleapis.com/auth/firebase","https://www.googleapis.com/auth/cloud-platform","https://www.googleapis.com/auth/userinfo.email"]
[error] Failed to fetch Firebase Project from Studio Workspace because WORKSPACE_SLUG environment variable is empty
[error] Failed to fetch Firebase Project from Studio Workspace because WORKSPACE_SLUG environment variable is empty
[debug] [2025-09-13T14:34:16.747Z] > command requires scopes: ["email","openid","https://www.googleapis.com/auth/cloudplatformprojects.readonly","https://www.googleapis.com/auth/firebase","https://www.googleapis.com/auth/cloud-platform","https://www.googleapis.com/auth/userinfo.email"]
[debug] [2025-09-13T14:34:16.781Z] >>> [apiv2][query] POST https://auth.firebase.tools/attest [none]
[debug] [2025-09-13T14:34:16.781Z] >>> [apiv2][body] POST https://auth.firebase.tools/attest {"session_id":"a6998d3b-4722-4ef1-8810-3fb34f6d59e7"}
[debug] [2025-09-13T14:34:17.128Z] <<< [apiv2][status] POST https://auth.firebase.tools/attest 200
[debug] [2025-09-13T14:34:17.129Z] <<< [apiv2][body] POST https://auth.firebase.tools/attest {"token":"3D1KDrOIWTamdjUJJYen2JF14ePxcBsH9PuBOq5IH7s"}
[error] Failed to fetch Firebase Project from Studio Workspace because WORKSPACE_SLUG environment variable is empty
[error] Failed to fetch Firebase Project from Studio Workspace because WORKSPACE_SLUG environment variable is empty
[debug] [2025-09-13T14:36:17.183Z] > command requires scopes: ["email","openid","https://www.googleapis.com/auth/cloudplatformprojects.readonly","https://www.googleapis.com/auth/firebase","https://www.googleapis.com/auth/cloud-platform","https://www.googleapis.com/auth/userinfo.email"]
[debug] [2025-09-13T14:36:17.189Z] >>> [apiv2][query] POST https://accounts.google.com/o/oauth2/token [none]
[debug] [2025-09-13T14:36:17.189Z] >>> [apiv2][body] POST https://accounts.google.com/o/oauth2/token [omitted]
[debug] [2025-09-13T14:36:17.274Z] <<< [apiv2][status] POST https://accounts.google.com/o/oauth2/token 200
[debug] [2025-09-13T14:36:17.274Z] <<< [apiv2][body] POST https://accounts.google.com/o/oauth2/token [omitted]
[error] Failed to fetch Firebase Project from Studio Workspace because WORKSPACE_SLUG environment variable is empty
[error] Failed to fetch Firebase Project from Studio Workspace because WORKSPACE_SLUG environment variable is empty
[debug] [2025-09-13T14:36:24.424Z] > command requires scopes: ["email","openid","https://www.googleapis.com/auth/cloudplatformprojects.readonly","https://www.googleapis.com/auth/firebase","https://www.googleapis.com/auth/cloud-platform","https://www.googleapis.com/auth/userinfo.email"]
[debug] [2025-09-13T14:36:24.429Z] > authorizing via signed-in user (shafikulislam215@gmail.com)
[debug] [2025-09-13T14:36:24.437Z] Checked if tokens are valid: true, expires at: 1757777776274
[debug] [2025-09-13T14:36:24.437Z] Checked if tokens are valid: true, expires at: 1757777776274
[debug] [2025-09-13T14:36:24.444Z] >>> [apiv2][query] GET https://firebase.googleapis.com/v1beta1/projects pageSize=1000
[debug] [2025-09-13T14:36:24.929Z] <<< [apiv2][status] GET https://firebase.googleapis.com/v1beta1/projects 200
[debug] [2025-09-13T14:36:24.930Z] <<< [apiv2][body] GET https://firebase.googleapis.com/v1beta1/projects [omitted]
[error] Failed to fetch Firebase Project from Studio Workspace because WORKSPACE_SLUG environment variable is empty
[error] Failed to fetch Firebase Project from Studio Workspace because WORKSPACE_SLUG environment variable is empty
[debug] [2025-09-13T14:37:03.665Z] > command requires scopes: ["email","openid","https://www.googleapis.com/auth/cloudplatformprojects.readonly","https://www.googleapis.com/auth/firebase","https://www.googleapis.com/auth/cloud-platform","https://www.googleapis.com/auth/userinfo.email"]
[debug] [2025-09-13T14:37:03.665Z] > authorizing via signed-in user (shafikulislam215@gmail.com)
[debug] [2025-09-13T14:37:03.681Z] Checked if tokens are valid: true, expires at: 1757777776274
[debug] [2025-09-13T14:37:03.682Z] Checked if tokens are valid: true, expires at: 1757777776274
[debug] [2025-09-13T14:37:03.682Z] >>> [apiv2][query] GET https://serviceusage.googleapis.com/v1/projects/dhakahealthclub-137e4/services/cloudresourcemanager.googleapis.com [none]
[debug] [2025-09-13T14:37:03.682Z] >>> [apiv2][(partial)header] GET https://serviceusage.googleapis.com/v1/projects/dhakahealthclub-137e4/services/cloudresourcemanager.googleapis.com x-goog-quota-user=projects/dhakahealthclub-137e4
[debug] [2025-09-13T14:37:04.746Z] <<< [apiv2][status] GET https://serviceusage.googleapis.com/v1/projects/dhakahealthclub-137e4/services/cloudresourcemanager.googleapis.com 200
[debug] [2025-09-13T14:37:04.746Z] <<< [apiv2][body] GET https://serviceusage.googleapis.com/v1/projects/dhakahealthclub-137e4/services/cloudresourcemanager.googleapis.com [omitted]
[debug] [2025-09-13T14:37:04.757Z] Checked if tokens are valid: true, expires at: 1757777776274
[debug] [2025-09-13T14:37:04.763Z] Checked if tokens are valid: true, expires at: 1757777776274
[debug] [2025-09-13T14:37:04.763Z] >>> [apiv2][query] GET https://cloudresourcemanager.googleapis.com/v1/projects/dhakahealthclub-137e4 [none]
[debug] [2025-09-13T14:37:05.577Z] <<< [apiv2][status] GET https://cloudresourcemanager.googleapis.com/v1/projects/dhakahealthclub-137e4 200
[debug] [2025-09-13T14:37:05.577Z] <<< [apiv2][body] GET https://cloudresourcemanager.googleapis.com/v1/projects/dhakahealthclub-137e4 {"projectNumber":"56734104960","projectId":"dhakahealthclub-137e4","lifecycleState":"ACTIVE","name":"DhakaHealthClub","labels":{"firebase":"enabled","firebase-core":"disabled"},"createTime":"2025-09-12T12:29:31.589953Z"}
[info] Updating Studio Workspace active project to match Firebase CLI 'dhakahealthclub-137e4'
[error] Failed to update Firebase Project for Studio Workspace because WORKSPACE_SLUG environment variable is empty
[info] Now using project dhakahealthclub-137e4
[error] Failed to fetch Firebase Project from Studio Workspace because WORKSPACE_SLUG environment variable is empty
[error] Failed to fetch Firebase Project from Studio Workspace because WORKSPACE_SLUG environment variable is empty
[debug] [2025-09-13T14:37:17.998Z] > command requires scopes: ["email","openid","https://www.googleapis.com/auth/cloudplatformprojects.readonly","https://www.googleapis.com/auth/firebase","https://www.googleapis.com/auth/cloud-platform","https://www.googleapis.com/auth/userinfo.email"]
[debug] [2025-09-13T14:37:17.999Z] > authorizing via signed-in user (shafikulislam215@gmail.com)
[info] 
=== Firestore Setup Actuation
[info] ✔  Wrote firestore.rules 
[info] ✔  Wrote firestore.indexes.json 
[info] ✔  Wrote configuration info to firebase.json 
[info] ✔  Wrote project information to .firebaserc 
[error] Failed to fetch Firebase Project from Studio Workspace because WORKSPACE_SLUG environment variable is empty
[error] Failed to fetch Firebase Project from Studio Workspace because WORKSPACE_SLUG environment variable is empty
[debug] [2025-09-13T14:40:53.454Z] > command requires scopes: ["email","openid","https://www.googleapis.com/auth/cloudplatformprojects.readonly","https://www.googleapis.com/auth/firebase","https://www.googleapis.com/auth/cloud-platform","https://www.googleapis.com/auth/userinfo.email"]
[debug] [2025-09-13T14:40:53.454Z] > authorizing via signed-in user (shafikulislam215@gmail.com)
[debug] [2025-09-13T14:40:53.458Z] Checked if tokens are valid: true, expires at: 1757777776274
[debug] [2025-09-13T14:40:53.458Z] Checked if tokens are valid: true, expires at: 1757777776274
[debug] [2025-09-13T14:40:53.459Z] >>> [apiv2][query] GET https://firebase.googleapis.com/v1beta1/projects/dhakahealthclub-137e4/webApps pageSize=100
[debug] [2025-09-13T14:40:53.810Z] <<< [apiv2][status] GET https://firebase.googleapis.com/v1beta1/projects/dhakahealthclub-137e4/webApps 200
[debug] [2025-09-13T14:40:53.811Z] <<< [apiv2][body] GET https://firebase.googleapis.com/v1beta1/projects/dhakahealthclub-137e4/webApps {"apps":[{"name":"projects/dhakahealthclub-137e4/webApps/1:56734104960:web:389f2af3ff81eda264d565","appId":"1:56734104960:web:389f2af3ff81eda264d565","displayName":"Dhaka-Health-Club-v1","projectId":"dhakahealthclub-137e4","webId":"MDc0NDliNTEtNTE5Yi00MjQ2LTk1OWMtMzUyNjA3NDA4OGNi","apiKeyId":"83fe0790-faee-49e4-93b0-a4c5c868823c","state":"ACTIVE","expireTime":"1970-01-01T00:00:00Z","etag":"1_6bf2d582-4f85-49a2-98f9-aebd64ae3971"},{"name":"projects/dhakahealthclub-137e4/webApps/1:56734104960:web:6abab29878b0317f64d565","appId":"1:56734104960:web:6abab29878b0317f64d565","displayName":"Dhaka-Health-Club","projectId":"dhakahealthclub-137e4","webId":"YmVjNGVjYjItY2M0MS00NGFlLTk4Y2MtZDQ5YTBlNmE4NTdi","apiKeyId":"83fe0790-faee-49e4-93b0-a4c5c868823c","state":"ACTIVE","expireTime":"1970-01-01T00:00:00Z","etag":"1_20749348-c405-4f64-88c3-fc8cc5aa7a7d"}]}
[debug] [2025-09-13T14:40:53.811Z] Checked if tokens are valid: true, expires at: 1757777776274
[debug] [2025-09-13T14:40:53.812Z] Checked if tokens are valid: true, expires at: 1757777776274
[debug] [2025-09-13T14:40:53.812Z] >>> [apiv2][query] GET https://firebase.googleapis.com/v1beta1/projects/-/webApps/1:56734104960:web:389f2af3ff81eda264d565/config [none]
[debug] [2025-09-13T14:40:54.516Z] <<< [apiv2][status] GET https://firebase.googleapis.com/v1beta1/projects/-/webApps/1:56734104960:web:389f2af3ff81eda264d565/config 200
[debug] [2025-09-13T14:40:54.516Z] <<< [apiv2][body] GET https://firebase.googleapis.com/v1beta1/projects/-/webApps/1:56734104960:web:389f2af3ff81eda264d565/config {"projectId":"dhakahealthclub-137e4","appId":"1:56734104960:web:389f2af3ff81eda264d565","databaseURL":"https://dhakahealthclub-137e4-default-rtdb.asia-southeast1.firebasedatabase.app","storageBucket":"dhakahealthclub-137e4.firebasestorage.app","apiKey":"AIzaSyBlTvcKxDVISGL_TOL_z_rkkm8v8Wn6ONI","authDomain":"dhakahealthclub-137e4.firebaseapp.com","messagingSenderId":"56734104960","measurementId":"G-JXFBSBGVXJ"}
